#
# There is insufficient memory for the Java Runtime Environment to continue.
# Native memory allocation (malloc) failed to allocate 1048576 bytes for AllocateHeap
# Possible reasons:
#   The system is out of physical RAM or swap space
#   The process is running with CompressedOops enabled, and the Java Heap may be blocking the growth of the native heap
# Possible solutions:
#   Reduce memory load on the system
#   Increase physical memory or swap space
#   Check if swap backing store is full
#   Decrease Java heap size (-Xmx/-Xms)
#   Decrease number of Java threads
#   Decrease Java thread stack sizes (-Xss)
#   Set larger code cache with -XX:ReservedCodeCacheSize=
#   JVM is running with Unscaled Compressed Oops mode in which the Java heap is
#     placed in the first 4GB address space. The Java Heap base address is the
#     maximum limit for the native heap growth. Please use -XX:HeapBaseMinAddress
#     to set the Java Heap base and to place the Java Heap above 4GB virtual address.
# This output file may be truncated or incomplete.
#
#  Out of Memory Error (allocation.cpp:44), pid=12228, tid=4588
#
# JRE version: OpenJDK Runtime Environment Temurin-17.0.9+9 (17.0.9+9) (build 17.0.9+9)
# Java VM: OpenJDK 64-Bit Server VM Temurin-17.0.9+9 (17.0.9+9, mixed mode, emulated-client, tiered, compressed oops, compressed class ptrs, g1 gc, windows-amd64)
# No core dump will be written. Minidumps are not enabled by default on client versions of Windows
#

---------------  S U M M A R Y ------------

Command Line: -XX:+HeapDumpOnOutOfMemoryError -Xmx1024m -Dsts.lsp.client=vscode -Dsts.log.file=/dev/null -XX:TieredStopAtLevel=1 -Xlog:jni+resolve=off -Dspring.config.location=file:c:\Users\Hasinjo\.vscode\extensions\vmware.vscode-spring-boot-1.51.0\language-server\BOOT-INF\classes\application.properties org.springframework.ide.vscode.boot.app.BootLanguageServerBootApp

Host: Intel(R) Core(TM) i3-6006U CPU @ 2.00GHz, 4 cores, 3G,  Windows 11 , 64 bit Build 22000 (10.0.22000.2538)
Time: Wed Jan 17 14:52:09 2024 Pacifique elapsed time: 46864.005965 seconds (0d 13h 1m 4s)

---------------  T H R E A D  ---------------

Current thread (0x0000021e9ff2c490):  VMThread "VM Thread" [stack: 0x000000ea39200000,0x000000ea39300000] [id=4588]

Stack: [0x000000ea39200000,0x000000ea39300000]
Native frames: (J=compiled Java code, j=interpreted, Vv=VM code, C=native code)
V  [jvm.dll+0x67cf49]
V  [jvm.dll+0x83478a]
V  [jvm.dll+0x83624e]
V  [jvm.dll+0x8368b3]
V  [jvm.dll+0x247f1f]
V  [jvm.dll+0xa6b4b]
V  [jvm.dll+0x2f8e73]
V  [jvm.dll+0x2f4af0]
V  [jvm.dll+0x2dd0d7]
V  [jvm.dll+0x320357]
V  [jvm.dll+0x83adab]
V  [jvm.dll+0x83baf1]
V  [jvm.dll+0x83c00d]
V  [jvm.dll+0x83c3e4]
V  [jvm.dll+0x83c4b0]
V  [jvm.dll+0x7e3c3a]
V  [jvm.dll+0x67be35]
C  [ucrtbase.dll+0x26c0c]
C  [KERNEL32.DLL+0x153e0]
C  [ntdll.dll+0x485b]

VM_Operation (0x000000ea3a2fef20): G1CollectFull, mode: safepoint, requested by thread 0x0000021ea573ff70


---------------  P R O C E S S  ---------------

Threads class SMR info:
_java_thread_list=0x0000021ea6c2b040, length=25, elements={
0x0000021e9ff44380, 0x0000021e9ff47210, 0x0000021e9ff86010, 0x0000021e9ff878f0,
0x0000021e9ff881c0, 0x0000021e9ff88a90, 0x0000021e9ff89410, 0x0000021e9ff89d20,
0x0000021ea4312d70, 0x0000021ea432e010, 0x0000021ea537a360, 0x0000021ea573ff70,
0x0000021ea5740850, 0x0000021e959e8600, 0x0000021ea59afa80, 0x0000021ea59b0ec0,
0x0000021ea59b18e0, 0x0000021ea59af570, 0x0000021ea59aff90, 0x0000021ea59ae130,
0x0000021ea59b04a0, 0x0000021ea59b09b0, 0x0000021ea59ae640, 0x0000021ea5a44800,
0x0000021ea5a4c180
}

Java Threads: ( => current thread )
  0x0000021e9ff44380 JavaThread "Reference Handler" daemon [_thread_blocked, id=6596, stack(0x000000ea39300000,0x000000ea39400000)]
  0x0000021e9ff47210 JavaThread "Finalizer" daemon [_thread_blocked, id=10148, stack(0x000000ea39400000,0x000000ea39500000)]
  0x0000021e9ff86010 JavaThread "Signal Dispatcher" daemon [_thread_blocked, id=11852, stack(0x000000ea39500000,0x000000ea39600000)]
  0x0000021e9ff878f0 JavaThread "Attach Listener" daemon [_thread_blocked, id=2116, stack(0x000000ea39600000,0x000000ea39700000)]
  0x0000021e9ff881c0 JavaThread "Service Thread" daemon [_thread_blocked, id=5004, stack(0x000000ea39700000,0x000000ea39800000)]
  0x0000021e9ff88a90 JavaThread "Monitor Deflation Thread" daemon [_thread_blocked, id=4916, stack(0x000000ea39800000,0x000000ea39900000)]
  0x0000021e9ff89410 JavaThread "C1 CompilerThread0" daemon [_thread_blocked, id=5040, stack(0x000000ea39900000,0x000000ea39a00000)]
  0x0000021e9ff89d20 JavaThread "Sweeper thread" daemon [_thread_blocked, id=5356, stack(0x000000ea39a00000,0x000000ea39b00000)]
  0x0000021ea4312d70 JavaThread "Notification Thread" daemon [_thread_blocked, id=8060, stack(0x000000ea39b00000,0x000000ea39c00000)]
  0x0000021ea432e010 JavaThread "Common-Cleaner" daemon [_thread_blocked, id=4008, stack(0x000000ea39d00000,0x000000ea39e00000)]
  0x0000021ea537a360 JavaThread "boundedElastic-evictor-1" daemon [_thread_blocked, id=2144, stack(0x000000ea3a100000,0x000000ea3a200000)]
  0x0000021ea573ff70 JavaThread "pool-12-thread-1" [_thread_blocked, id=11872, stack(0x000000ea3a200000,0x000000ea3a300000)]
  0x0000021ea5740850 JavaThread "LanguageServerApp-lifecycle" [_thread_blocked, id=11848, stack(0x000000ea3a300000,0x000000ea3a400000)]
  0x0000021e959e8600 JavaThread "DestroyJavaVM" [_thread_blocked, id=10968, stack(0x000000ea38c00000,0x000000ea38d00000)]
  0x0000021ea59afa80 JavaThread "pool-13-thread-1" [_thread_in_native, id=6068, stack(0x000000ea3a400000,0x000000ea3a500000)]
  0x0000021ea59b0ec0 JavaThread "Simple-Language-Server main thread" daemon [_thread_blocked, id=8812, stack(0x000000ea3a500000,0x000000ea3a600000)]
  0x0000021ea59b18e0 JavaThread "pool-8-thread-1" [_thread_blocked, id=1488, stack(0x000000ea3a900000,0x000000ea3aa00000)]
  0x0000021ea59af570 JavaThread "parallel-1" daemon [_thread_blocked, id=3680, stack(0x000000ea3aa00000,0x000000ea3ab00000)]
  0x0000021ea59aff90 JavaThread "parallel-2" daemon [_thread_blocked, id=12000, stack(0x000000ea3ab00000,0x000000ea3ac00000)]
  0x0000021ea59ae130 JavaThread "pool-6-thread-1" [_thread_blocked, id=3896, stack(0x000000ea3ac00000,0x000000ea3ad00000)]
  0x0000021ea59b04a0 JavaThread "parallel-3" daemon [_thread_blocked, id=9212, stack(0x000000ea3ad00000,0x000000ea3ae00000)]
  0x0000021ea59b09b0 JavaThread "parallel-4" daemon [_thread_blocked, id=4060, stack(0x000000ea3ae00000,0x000000ea3af00000)]
  0x0000021ea59ae640 JavaThread "Reconciler-1" daemon [_thread_blocked, id=2672, stack(0x000000ea3af00000,0x000000ea3b000000)]
  0x0000021ea5a44800 JavaThread "pool-9-thread-1" [_thread_blocked, id=11484, stack(0x000000ea38a00000,0x000000ea38b00000)]
  0x0000021ea5a4c180 JavaThread "pool-9-thread-2" [_thread_blocked, id=3916, stack(0x000000ea38b00000,0x000000ea38c00000)]

Other Threads:
=>0x0000021e9ff2c490 VMThread "VM Thread" [stack: 0x000000ea39200000,0x000000ea39300000] [id=4588]
  0x0000021ea4313250 WatcherThread [stack: 0x000000ea39c00000,0x000000ea39d00000] [id=8124]
  0x0000021e95a239d0 GCTaskThread "GC Thread#0" [stack: 0x000000ea38d00000,0x000000ea38e00000] [id=11572]
  0x0000021ea49943e0 GCTaskThread "GC Thread#1" [stack: 0x000000ea39e00000,0x000000ea39f00000] [id=1480]
  0x0000021ea49fc550 GCTaskThread "GC Thread#2" [stack: 0x000000ea39f00000,0x000000ea3a000000] [id=5116]
  0x0000021ea4edde10 GCTaskThread "GC Thread#3" [stack: 0x000000ea3a000000,0x000000ea3a100000] [id=6848]
  0x0000021e95a2c920 ConcurrentGCThread "G1 Main Marker" [stack: 0x000000ea38e00000,0x000000ea38f00000] [id=4628]
  0x0000021e95a2d340 ConcurrentGCThread "G1 Conc#0" [stack: 0x000000ea38f00000,0x000000ea39000000] [id=4672]
  0x0000021e95a7a470 ConcurrentGCThread "G1 Refine#0" [stack: 0x000000ea39000000,0x000000ea39100000] [id=6544]
  0x0000021e95a7aea0 ConcurrentGCThread "G1 Service" [stack: 0x000000ea39100000,0x000000ea39200000] [id=6112]

Threads with active compile tasks:

VM state: at safepoint (normal execution)

VM Mutex/Monitor currently owned by a thread:  ([mutex/lock_event])
[0x0000021e959e3b40] Threads_lock - owner thread: 0x0000021e9ff2c490
[0x0000021e959e47a0] Heap_lock - owner thread: 0x0000021ea573ff70

Heap address: 0x00000000c0000000, size: 1024 MB, Compressed Oops mode: 32-bit

CDS archive(s) not mapped
Compressed class space mapped at: 0x0000000100000000-0x0000000140000000, reserved size: 1073741824
Narrow klass base: 0x0000000000000000, Narrow klass shift: 3, Narrow klass range: 0x140000000

GC Precious Log:
 CPUs: 4 total, 4 available
 Memory: 4017M
 Large Page Support: Disabled
 NUMA Support: Disabled
 Compressed Oops: Enabled (32-bit)
 Heap Region Size: 1M
 Heap Min Capacity: 8M
 Heap Initial Capacity: 64M
 Heap Max Capacity: 1G
 Pre-touch: Disabled
 Parallel Workers: 4
 Concurrent Workers: 1
 Concurrent Refinement Workers: 4
 Periodic GC: Disabled

Heap:
 garbage-first heap   total 99328K, used 35367K [0x00000000c0000000, 0x0000000100000000)
  region size 1024K, 1 young (1024K), 0 survivors (0K)
 Metaspace       used 59341K, committed 59776K, reserved 1114112K
  class space    used 7405K, committed 7616K, reserved 1048576K

Heap Regions: E=young(eden), S=young(survivor), O=old, HS=humongous(starts), HC=humongous(continues), CS=collection set, F=free, OA=open archive, CA=closed archive, TAMS=top-at-mark-start (previous, next)
|   0|0x00000000c0000000, 0x00000000c0100000, 0x00000000c0100000|100%|HS|  |TAMS 0x00000000c0100000, 0x00000000c0000000| Untracked 
|   1|0x00000000c0100000, 0x00000000c0200000, 0x00000000c0200000|100%|HC|  |TAMS 0x00000000c0200000, 0x00000000c0100000| Untracked 
|   2|0x00000000c0200000, 0x00000000c0300000, 0x00000000c0300000|100%|HC|  |TAMS 0x00000000c0300000, 0x00000000c0200000| Untracked 
|   3|0x00000000c0300000, 0x00000000c0400000, 0x00000000c0400000|100%|HC|  |TAMS 0x00000000c0400000, 0x00000000c0300000| Untracked 
|   4|0x00000000c0400000, 0x00000000c0500000, 0x00000000c0500000|100%| O|  |TAMS 0x00000000c0500000, 0x00000000c0400000| Untracked 
|   5|0x00000000c0500000, 0x00000000c05ffff0, 0x00000000c0600000| 99%| O|  |TAMS 0x00000000c05ffff0, 0x00000000c0500000| Untracked 
|   6|0x00000000c0600000, 0x00000000c06ff8e8, 0x00000000c0700000| 99%| O|  |TAMS 0x00000000c06ff8e8, 0x00000000c0600000| Untracked 
|   7|0x00000000c0700000, 0x00000000c07fbae8, 0x00000000c0800000| 98%| O|  |TAMS 0x00000000c07fbae8, 0x00000000c0700000| Untracked 
|   8|0x00000000c0800000, 0x00000000c0900000, 0x00000000c0900000|100%| O|  |TAMS 0x00000000c0900000, 0x00000000c0800000| Untracked 
|   9|0x00000000c0900000, 0x00000000c0a00000, 0x00000000c0a00000|100%| O|  |TAMS 0x00000000c0a00000, 0x00000000c0900000| Untracked 
|  10|0x00000000c0a00000, 0x00000000c0affff0, 0x00000000c0b00000| 99%| O|  |TAMS 0x00000000c0affff0, 0x00000000c0a00000| Untracked 
|  11|0x00000000c0b00000, 0x00000000c0bffff8, 0x00000000c0c00000| 99%| O|  |TAMS 0x00000000c0bffff8, 0x00000000c0b00000| Untracked 
|  12|0x00000000c0c00000, 0x00000000c0cffff0, 0x00000000c0d00000| 99%| O|  |TAMS 0x00000000c0cffff0, 0x00000000c0c00000| Untracked 
|  13|0x00000000c0d00000, 0x00000000c0dffff8, 0x00000000c0e00000| 99%| O|  |TAMS 0x00000000c0dffff8, 0x00000000c0d00000| Untracked 
|  14|0x00000000c0e00000, 0x00000000c0f00000, 0x00000000c0f00000|100%| O|  |TAMS 0x00000000c0f00000, 0x00000000c0e00000| Untracked 
|  15|0x00000000c0f00000, 0x00000000c0ffffe0, 0x00000000c1000000| 99%| O|  |TAMS 0x00000000c0ffffe0, 0x00000000c0f00000| Untracked 
|  16|0x00000000c1000000, 0x00000000c10fffc8, 0x00000000c1100000| 99%| O|  |TAMS 0x00000000c10fffc8, 0x00000000c1000000| Untracked 
|  17|0x00000000c1100000, 0x00000000c11ffef8, 0x00000000c1200000| 99%| O|  |TAMS 0x00000000c11ffef8, 0x00000000c1100000| Untracked 
|  18|0x00000000c1200000, 0x00000000c12ffff8, 0x00000000c1300000| 99%| O|  |TAMS 0x00000000c12ffff8, 0x00000000c1200000| Untracked 
|  19|0x00000000c1300000, 0x00000000c1400000, 0x00000000c1400000|100%| O|  |TAMS 0x00000000c1400000, 0x00000000c1300000| Untracked 
|  20|0x00000000c1400000, 0x00000000c14fffd8, 0x00000000c1500000| 99%| O|  |TAMS 0x00000000c14fffd8, 0x00000000c1400000| Untracked 
|  21|0x00000000c1500000, 0x00000000c15faba0, 0x00000000c1600000| 97%| O|  |TAMS 0x00000000c15faba0, 0x00000000c1500000| Untracked 
|  22|0x00000000c1600000, 0x00000000c16fff78, 0x00000000c1700000| 99%| O|  |TAMS 0x00000000c16fff78, 0x00000000c1600000| Untracked 
|  23|0x00000000c1700000, 0x00000000c17ffff8, 0x00000000c1800000| 99%| O|  |TAMS 0x00000000c17ffff8, 0x00000000c1700000| Untracked 
|  24|0x00000000c1800000, 0x00000000c18ffff8, 0x00000000c1900000| 99%| O|  |TAMS 0x00000000c18ffff8, 0x00000000c1800000| Untracked 
|  25|0x00000000c1900000, 0x00000000c19fffe0, 0x00000000c1a00000| 99%| O|  |TAMS 0x00000000c19fffe0, 0x00000000c1900000| Untracked 
|  26|0x00000000c1a00000, 0x00000000c1affff0, 0x00000000c1b00000| 99%| O|  |TAMS 0x00000000c1affff0, 0x00000000c1a00000| Untracked 
|  27|0x00000000c1b00000, 0x00000000c1bffff8, 0x00000000c1c00000| 99%| O|  |TAMS 0x00000000c1bffff8, 0x00000000c1b00000| Untracked 
|  28|0x00000000c1c00000, 0x00000000c1cfae80, 0x00000000c1d00000| 98%| O|  |TAMS 0x00000000c1cfae80, 0x00000000c1c00000| Untracked 
|  29|0x00000000c1d00000, 0x00000000c1dfdb10, 0x00000000c1e00000| 99%| O|  |TAMS 0x00000000c1dfdb10, 0x00000000c1d00000| Untracked 
|  30|0x00000000c1e00000, 0x00000000c1f00000, 0x00000000c1f00000|100%|HS|  |TAMS 0x00000000c1f00000, 0x00000000c1e00000| Untracked 
|  31|0x00000000c1f00000, 0x00000000c1ffffd8, 0x00000000c2000000| 99%| O|  |TAMS 0x00000000c1ffffd8, 0x00000000c1f00000| Untracked 
|  32|0x00000000c2000000, 0x00000000c209daf8, 0x00000000c2100000| 61%| O|  |TAMS 0x00000000c2000000, 0x00000000c2000000| Untracked 
|  33|0x00000000c2100000, 0x00000000c21fdaf0, 0x00000000c2200000| 99%| O|  |TAMS 0x00000000c21fdaf0, 0x00000000c2100000| Untracked 
|  34|0x00000000c2200000, 0x00000000c2200068, 0x00000000c2300000|  0%| O|  |TAMS 0x00000000c2200000, 0x00000000c2200000| Untracked 
|  35|0x00000000c2300000, 0x00000000c2300000, 0x00000000c2400000|  0%| F|  |TAMS 0x00000000c2300000, 0x00000000c2300000| Untracked 
|  36|0x00000000c2400000, 0x00000000c2400000, 0x00000000c2500000|  0%| F|  |TAMS 0x00000000c2400000, 0x00000000c2400000| Untracked 
|  37|0x00000000c2500000, 0x00000000c2500000, 0x00000000c2600000|  0%| F|  |TAMS 0x00000000c2500000, 0x00000000c2500000| Untracked 
|  38|0x00000000c2600000, 0x00000000c2600000, 0x00000000c2700000|  0%| F|  |TAMS 0x00000000c2600000, 0x00000000c2600000| Untracked 
|  39|0x00000000c2700000, 0x00000000c2700000, 0x00000000c2800000|  0%| F|  |TAMS 0x00000000c2700000, 0x00000000c2700000| Untracked 
|  40|0x00000000c2800000, 0x00000000c2800000, 0x00000000c2900000|  0%| F|  |TAMS 0x00000000c2800000, 0x00000000c2800000| Untracked 
|  41|0x00000000c2900000, 0x00000000c2900000, 0x00000000c2a00000|  0%| F|  |TAMS 0x00000000c2900000, 0x00000000c2900000| Untracked 
|  42|0x00000000c2a00000, 0x00000000c2a00000, 0x00000000c2b00000|  0%| F|  |TAMS 0x00000000c2a00000, 0x00000000c2a00000| Untracked 
|  43|0x00000000c2b00000, 0x00000000c2b00000, 0x00000000c2c00000|  0%| F|  |TAMS 0x00000000c2b00000, 0x00000000c2b00000| Untracked 
|  44|0x00000000c2c00000, 0x00000000c2c00000, 0x00000000c2d00000|  0%| F|  |TAMS 0x00000000c2c00000, 0x00000000c2c00000| Untracked 
|  45|0x00000000c2d00000, 0x00000000c2d00000, 0x00000000c2e00000|  0%| F|  |TAMS 0x00000000c2d00000, 0x00000000c2d00000| Untracked 
|  46|0x00000000c2e00000, 0x00000000c2e00000, 0x00000000c2f00000|  0%| F|  |TAMS 0x00000000c2e00000, 0x00000000c2e00000| Untracked 
|  47|0x00000000c2f00000, 0x00000000c2f00000, 0x00000000c3000000|  0%| F|  |TAMS 0x00000000c2f00000, 0x00000000c2f00000| Untracked 
|  48|0x00000000c3000000, 0x00000000c3000000, 0x00000000c3100000|  0%| F|  |TAMS 0x00000000c3000000, 0x00000000c3000000| Untracked 
|  49|0x00000000c3100000, 0x00000000c3100000, 0x00000000c3200000|  0%| F|  |TAMS 0x00000000c3100000, 0x00000000c3100000| Untracked 
|  50|0x00000000c3200000, 0x00000000c3200000, 0x00000000c3300000|  0%| F|  |TAMS 0x00000000c3200000, 0x00000000c3200000| Untracked 
|  51|0x00000000c3300000, 0x00000000c3300000, 0x00000000c3400000|  0%| F|  |TAMS 0x00000000c3300000, 0x00000000c3300000| Untracked 
|  52|0x00000000c3400000, 0x00000000c3400000, 0x00000000c3500000|  0%| F|  |TAMS 0x00000000c3400000, 0x00000000c3400000| Untracked 
|  53|0x00000000c3500000, 0x00000000c3500000, 0x00000000c3600000|  0%| F|  |TAMS 0x00000000c3500000, 0x00000000c3500000| Untracked 
|  54|0x00000000c3600000, 0x00000000c3600000, 0x00000000c3700000|  0%| F|  |TAMS 0x00000000c3600000, 0x00000000c3600000| Untracked 
|  55|0x00000000c3700000, 0x00000000c3700000, 0x00000000c3800000|  0%| F|  |TAMS 0x00000000c3700000, 0x00000000c3700000| Untracked 
|  56|0x00000000c3800000, 0x00000000c3800000, 0x00000000c3900000|  0%| F|  |TAMS 0x00000000c3800000, 0x00000000c3800000| Untracked 
|  57|0x00000000c3900000, 0x00000000c3900000, 0x00000000c3a00000|  0%| F|  |TAMS 0x00000000c3900000, 0x00000000c3900000| Untracked 
|  58|0x00000000c3a00000, 0x00000000c3a00000, 0x00000000c3b00000|  0%| F|  |TAMS 0x00000000c3a00000, 0x00000000c3a00000| Untracked 
|  59|0x00000000c3b00000, 0x00000000c3b00000, 0x00000000c3c00000|  0%| F|  |TAMS 0x00000000c3b00000, 0x00000000c3b00000| Untracked 
|  60|0x00000000c3c00000, 0x00000000c3c00000, 0x00000000c3d00000|  0%| F|  |TAMS 0x00000000c3c00000, 0x00000000c3c00000| Untracked 
|  61|0x00000000c3d00000, 0x00000000c3d00000, 0x00000000c3e00000|  0%| F|  |TAMS 0x00000000c3d00000, 0x00000000c3d00000| Untracked 
|  62|0x00000000c3e00000, 0x00000000c3e00000, 0x00000000c3f00000|  0%| F|  |TAMS 0x00000000c3e00000, 0x00000000c3e00000| Untracked 
|  63|0x00000000c3f00000, 0x00000000c3f00000, 0x00000000c4000000|  0%| F|  |TAMS 0x00000000c3f00000, 0x00000000c3f00000| Untracked 
|  64|0x00000000c4000000, 0x00000000c4000000, 0x00000000c4100000|  0%| F|  |TAMS 0x00000000c4000000, 0x00000000c4000000| Untracked 
|  65|0x00000000c4100000, 0x00000000c4100000, 0x00000000c4200000|  0%| F|  |TAMS 0x00000000c4100000, 0x00000000c4100000| Untracked 
|  66|0x00000000c4200000, 0x00000000c4200000, 0x00000000c4300000|  0%| F|  |TAMS 0x00000000c4200000, 0x00000000c4200000| Untracked 
|  67|0x00000000c4300000, 0x00000000c4300000, 0x00000000c4400000|  0%| F|  |TAMS 0x00000000c4300000, 0x00000000c4300000| Untracked 
|  68|0x00000000c4400000, 0x00000000c4400000, 0x00000000c4500000|  0%| F|  |TAMS 0x00000000c4400000, 0x00000000c4400000| Untracked 
|  69|0x00000000c4500000, 0x00000000c4500000, 0x00000000c4600000|  0%| F|  |TAMS 0x00000000c4500000, 0x00000000c4500000| Untracked 
|  70|0x00000000c4600000, 0x00000000c4600000, 0x00000000c4700000|  0%| F|  |TAMS 0x00000000c4600000, 0x00000000c4600000| Untracked 
|  71|0x00000000c4700000, 0x00000000c4700000, 0x00000000c4800000|  0%| F|  |TAMS 0x00000000c4700000, 0x00000000c4700000| Untracked 
|  72|0x00000000c4800000, 0x00000000c4800000, 0x00000000c4900000|  0%| F|  |TAMS 0x00000000c4800000, 0x00000000c4800000| Untracked 
|  73|0x00000000c4900000, 0x00000000c4900000, 0x00000000c4a00000|  0%| F|  |TAMS 0x00000000c4900000, 0x00000000c4900000| Untracked 
|  74|0x00000000c4a00000, 0x00000000c4a00000, 0x00000000c4b00000|  0%| F|  |TAMS 0x00000000c4a00000, 0x00000000c4a00000| Untracked 
|  75|0x00000000c4b00000, 0x00000000c4b00000, 0x00000000c4c00000|  0%| F|  |TAMS 0x00000000c4b00000, 0x00000000c4b00000| Untracked 
|  76|0x00000000c4c00000, 0x00000000c4c00000, 0x00000000c4d00000|  0%| F|  |TAMS 0x00000000c4c00000, 0x00000000c4c00000| Untracked 
|  77|0x00000000c4d00000, 0x00000000c4d00000, 0x00000000c4e00000|  0%| F|  |TAMS 0x00000000c4d00000, 0x00000000c4d00000| Untracked 
|  78|0x00000000c4e00000, 0x00000000c4e00000, 0x00000000c4f00000|  0%| F|  |TAMS 0x00000000c4e00000, 0x00000000c4e00000| Untracked 
|  79|0x00000000c4f00000, 0x00000000c4f00000, 0x00000000c5000000|  0%| F|  |TAMS 0x00000000c4f00000, 0x00000000c4f00000| Untracked 
|  80|0x00000000c5000000, 0x00000000c5000000, 0x00000000c5100000|  0%| F|  |TAMS 0x00000000c5000000, 0x00000000c5000000| Untracked 
|  81|0x00000000c5100000, 0x00000000c5100000, 0x00000000c5200000|  0%| F|  |TAMS 0x00000000c5100000, 0x00000000c5100000| Untracked 
|  82|0x00000000c5200000, 0x00000000c5200000, 0x00000000c5300000|  0%| F|  |TAMS 0x00000000c5200000, 0x00000000c5200000| Untracked 
|  83|0x00000000c5300000, 0x00000000c5300000, 0x00000000c5400000|  0%| F|  |TAMS 0x00000000c5300000, 0x00000000c5300000| Untracked 
|  84|0x00000000c5400000, 0x00000000c5400000, 0x00000000c5500000|  0%| F|  |TAMS 0x00000000c5400000, 0x00000000c5400000| Untracked 
|  85|0x00000000c5500000, 0x00000000c5500000, 0x00000000c5600000|  0%| F|  |TAMS 0x00000000c5500000, 0x00000000c5500000| Untracked 
|  86|0x00000000c5600000, 0x00000000c5600000, 0x00000000c5700000|  0%| F|  |TAMS 0x00000000c5600000, 0x00000000c5600000| Untracked 
|  87|0x00000000c5700000, 0x00000000c5700000, 0x00000000c5800000|  0%| F|  |TAMS 0x00000000c5700000, 0x00000000c5700000| Untracked 
|  88|0x00000000c5800000, 0x00000000c5800000, 0x00000000c5900000|  0%| F|  |TAMS 0x00000000c5800000, 0x00000000c5800000| Untracked 
|  89|0x00000000c5900000, 0x00000000c5900000, 0x00000000c5a00000|  0%| F|  |TAMS 0x00000000c5900000, 0x00000000c5900000| Untracked 
|  90|0x00000000c5a00000, 0x00000000c5a00000, 0x00000000c5b00000|  0%| F|  |TAMS 0x00000000c5a00000, 0x00000000c5a00000| Untracked 
|  91|0x00000000c5b00000, 0x00000000c5b00000, 0x00000000c5c00000|  0%| F|  |TAMS 0x00000000c5b00000, 0x00000000c5b00000| Untracked 
|  92|0x00000000c5c00000, 0x00000000c5c00000, 0x00000000c5d00000|  0%| F|  |TAMS 0x00000000c5c00000, 0x00000000c5c00000| Untracked 
|  93|0x00000000c5d00000, 0x00000000c5e00000, 0x00000000c5e00000|100%| O|  |TAMS 0x00000000c5e00000, 0x00000000c5d00000| Untracked 
|  94|0x00000000c5e00000, 0x00000000c5e00000, 0x00000000c5f00000|  0%| F|  |TAMS 0x00000000c5e00000, 0x00000000c5e00000| Untracked 
|  95|0x00000000c5f00000, 0x00000000c5f00000, 0x00000000c6000000|  0%| F|  |TAMS 0x00000000c5f00000, 0x00000000c5f00000| Untracked 
|  96|0x00000000c6000000, 0x00000000c6006a30, 0x00000000c6100000|  2%| E|  |TAMS 0x00000000c6000000, 0x00000000c6000000| Complete 

Card table byte_map: [0x0000021e9b660000,0x0000021e9b860000] _byte_map_base: 0x0000021e9b060000

Marking Bits (Prev, Next): (CMBitMap*) 0x0000021e95a23ff0, (CMBitMap*) 0x0000021e95a24030
 Prev Bits: [0x0000021e9ba60000, 0x0000021e9ca60000)
 Next Bits: [0x0000021e9ca60000, 0x0000021e9da60000)

Polling page: 0x0000021e938e0000

Metaspace:

Usage:
  Non-class:     50.72 MB used.
      Class:      7.23 MB used.
       Both:     57.95 MB used.

Virtual space:
  Non-class space:       64.00 MB reserved,      50.94 MB ( 80%) committed,  1 nodes.
      Class space:        1.00 GB reserved,       7.44 MB ( <1%) committed,  1 nodes.
             Both:        1.06 GB reserved,      58.38 MB (  5%) committed. 

Chunk freelists:
   Non-Class:  12.13 MB
       Class:  8.42 MB
        Both:  20.55 MB

MaxMetaspaceSize: unlimited
CompressedClassSpaceSize: 1.00 GB
Initial GC threshold: 21.00 MB
Current GC threshold: 97.44 MB
CDS: off
MetaspaceReclaimPolicy: balanced
 - commit_granule_bytes: 65536.
 - commit_granule_words: 8192.
 - virtual_space_node_default_size: 8388608.
 - enlarge_chunks_in_place: 1.
 - new_chunks_are_fully_committed: 0.
 - uncommit_free_chunks: 1.
 - use_allocation_guard: 0.
 - handle_deallocations: 1.


Internal statistics:

num_allocs_failed_limit: 6.
num_arena_births: 872.
num_arena_deaths: 362.
num_vsnodes_births: 2.
num_vsnodes_deaths: 0.
num_space_committed: 935.
num_space_uncommitted: 1.
num_chunks_returned_to_freelist: 431.
num_chunks_taken_from_freelist: 2883.
num_chunk_merges: 124.
num_chunk_splits: 1882.
num_chunks_enlarged: 1401.
num_inconsistent_stats: 0.

CodeCache: size=49152Kb used=21333Kb max_used=21333Kb free=27819Kb
 bounds [0x0000021e98660000, 0x0000021e99b40000, 0x0000021e9b660000]
 total_blobs=11282 nmethods=10607 adapters=599
 compilation: enabled
              stopped_count=0, restarted_count=0
 full_count=0

Compilation events (20 events):
Event: 41953.114 Thread 0x0000021e9ff89410 10782       1       org.springframework.ide.vscode.commons.languageserver.util.SimpleTextDocumentService::lambda$computeCodeActions$11 (160 bytes)
Event: 41953.164 Thread 0x0000021e9ff89410 nmethod 10782 0x0000021e99b31710 code [0x0000021e99b319c0, 0x0000021e99b324a8]
Event: 41957.748 Thread 0x0000021e9ff89410 10783       1       jdk.internal.reflect.UnsafeQualifiedObjectFieldAccessorImpl::<init> (7 bytes)
Event: 41957.756 Thread 0x0000021e9ff89410 nmethod 10783 0x0000021e99b32a90 code [0x0000021e99b32c20, 0x0000021e99b32d28]
Event: 41957.760 Thread 0x0000021e9ff89410 10784       1       com.google.gson.internal.$Gson$Types$GenericArrayTypeImpl::<init> (18 bytes)
Event: 41957.763 Thread 0x0000021e9ff89410 nmethod 10784 0x0000021e99b32e10 code [0x0000021e99b32fc0, 0x0000021e99b33198]
Event: 41957.764 Thread 0x0000021e9ff89410 10785       1       com.google.gson.internal.$Gson$Types$GenericArrayTypeImpl::hashCode (8 bytes)
Event: 41957.764 Thread 0x0000021e9ff89410 nmethod 10785 0x0000021e99b33290 code [0x0000021e99b33420, 0x0000021e99b33508]
Event: 41957.766 Thread 0x0000021e9ff89410 10786       1       java.util.stream.Collectors$$Lambda$762/0x00000001003fe070::accept (21 bytes)
Event: 41957.778 Thread 0x0000021e9ff89410 nmethod 10786 0x0000021e99b33590 code [0x0000021e99b33720, 0x0000021e99b33868]
Event: 41957.778 Thread 0x0000021e9ff89410 10787       1       java.util.stream.Collectors::lambda$groupingBy$53 (43 bytes)
Event: 41957.801 Thread 0x0000021e9ff89410 nmethod 10787 0x0000021e99b33910 code [0x0000021e99b33ae0, 0x0000021e99b33d88]
Event: 41957.801 Thread 0x0000021e9ff89410 10788       1       java.util.stream.Collectors$$Lambda$764/0x00000001003fe4e8::<init> (10 bytes)
Event: 41957.802 Thread 0x0000021e9ff89410 nmethod 10788 0x0000021e99b33f90 code [0x0000021e99b34120, 0x0000021e99b34238]
Event: 41957.828 Thread 0x0000021e9ff89410 10789       1       jdk.proxy2.$Proxy45::<init> (6 bytes)
Event: 41957.833 Thread 0x0000021e9ff89410 nmethod 10789 0x0000021e99b34290 code [0x0000021e99b34420, 0x0000021e99b345e8]
Event: 41957.833 Thread 0x0000021e9ff89410 10790   !   1       jdk.proxy2.$Proxy45::annotationType (29 bytes)
Event: 41957.841 Thread 0x0000021e9ff89410 nmethod 10790 0x0000021e99b34690 code [0x0000021e99b34840, 0x0000021e99b34a58]
Event: 46664.646 Thread 0x0000021e9ff89410 10792       1       sun.nio.cs.SingleByte$Encoder::encode (32 bytes)
Event: 46664.686 Thread 0x0000021e9ff89410 nmethod 10792 0x0000021e99b35010 code [0x0000021e99b351a0, 0x0000021e99b35318]

GC Heap History (20 events):
Event: 46753.486 GC heap before
{Heap before GC invocations=2673 (full 2521):
 garbage-first heap   total 99328K, used 35367K [0x00000000c0000000, 0x0000000100000000)
  region size 1024K, 1 young (1024K), 0 survivors (0K)
 Metaspace       used 59341K, committed 59776K, reserved 1114112K
  class space    used 7405K, committed 7616K, reserved 1048576K
}
Event: 46753.547 GC heap after
{Heap after GC invocations=2674 (full 2522):
 garbage-first heap   total 99328K, used 35367K [0x00000000c0000000, 0x0000000100000000)
  region size 1024K, 0 young (0K), 0 survivors (0K)
 Metaspace       used 59341K, committed 59776K, reserved 1114112K
  class space    used 7405K, committed 7616K, reserved 1048576K
}
Event: 46764.564 GC heap before
{Heap before GC invocations=2674 (full 2522):
 garbage-first heap   total 99328K, used 35367K [0x00000000c0000000, 0x0000000100000000)
  region size 1024K, 1 young (1024K), 0 survivors (0K)
 Metaspace       used 59341K, committed 59776K, reserved 1114112K
  class space    used 7405K, committed 7616K, reserved 1048576K
}
Event: 46764.629 GC heap after
{Heap after GC invocations=2675 (full 2523):
 garbage-first heap   total 99328K, used 35367K [0x00000000c0000000, 0x0000000100000000)
  region size 1024K, 0 young (0K), 0 survivors (0K)
 Metaspace       used 59341K, committed 59776K, reserved 1114112K
  class space    used 7405K, committed 7616K, reserved 1048576K
}
Event: 46775.627 GC heap before
{Heap before GC invocations=2675 (full 2523):
 garbage-first heap   total 99328K, used 35367K [0x00000000c0000000, 0x0000000100000000)
  region size 1024K, 1 young (1024K), 0 survivors (0K)
 Metaspace       used 59341K, committed 59776K, reserved 1114112K
  class space    used 7405K, committed 7616K, reserved 1048576K
}
Event: 46775.688 GC heap after
{Heap after GC invocations=2676 (full 2524):
 garbage-first heap   total 99328K, used 35367K [0x00000000c0000000, 0x0000000100000000)
  region size 1024K, 0 young (0K), 0 survivors (0K)
 Metaspace       used 59341K, committed 59776K, reserved 1114112K
  class space    used 7405K, committed 7616K, reserved 1048576K
}
Event: 46786.733 GC heap before
{Heap before GC invocations=2676 (full 2524):
 garbage-first heap   total 99328K, used 35367K [0x00000000c0000000, 0x0000000100000000)
  region size 1024K, 1 young (1024K), 0 survivors (0K)
 Metaspace       used 59341K, committed 59776K, reserved 1114112K
  class space    used 7405K, committed 7616K, reserved 1048576K
}
Event: 46786.806 GC heap after
{Heap after GC invocations=2677 (full 2525):
 garbage-first heap   total 99328K, used 35367K [0x00000000c0000000, 0x0000000100000000)
  region size 1024K, 0 young (0K), 0 survivors (0K)
 Metaspace       used 59341K, committed 59776K, reserved 1114112K
  class space    used 7405K, committed 7616K, reserved 1048576K
}
Event: 46797.786 GC heap before
{Heap before GC invocations=2677 (full 2525):
 garbage-first heap   total 99328K, used 35367K [0x00000000c0000000, 0x0000000100000000)
  region size 1024K, 1 young (1024K), 0 survivors (0K)
 Metaspace       used 59341K, committed 59776K, reserved 1114112K
  class space    used 7405K, committed 7616K, reserved 1048576K
}
Event: 46797.863 GC heap after
{Heap after GC invocations=2678 (full 2526):
 garbage-first heap   total 99328K, used 35367K [0x00000000c0000000, 0x0000000100000000)
  region size 1024K, 0 young (0K), 0 survivors (0K)
 Metaspace       used 59341K, committed 59776K, reserved 1114112K
  class space    used 7405K, committed 7616K, reserved 1048576K
}
Event: 46808.961 GC heap before
{Heap before GC invocations=2678 (full 2526):
 garbage-first heap   total 99328K, used 35367K [0x00000000c0000000, 0x0000000100000000)
  region size 1024K, 1 young (1024K), 0 survivors (0K)
 Metaspace       used 59341K, committed 59776K, reserved 1114112K
  class space    used 7405K, committed 7616K, reserved 1048576K
}
Event: 46809.032 GC heap after
{Heap after GC invocations=2679 (full 2527):
 garbage-first heap   total 99328K, used 35367K [0x00000000c0000000, 0x0000000100000000)
  region size 1024K, 0 young (0K), 0 survivors (0K)
 Metaspace       used 59341K, committed 59776K, reserved 1114112K
  class space    used 7405K, committed 7616K, reserved 1048576K
}
Event: 46820.052 GC heap before
{Heap before GC invocations=2679 (full 2527):
 garbage-first heap   total 99328K, used 35367K [0x00000000c0000000, 0x0000000100000000)
  region size 1024K, 1 young (1024K), 0 survivors (0K)
 Metaspace       used 59341K, committed 59776K, reserved 1114112K
  class space    used 7405K, committed 7616K, reserved 1048576K
}
Event: 46820.123 GC heap after
{Heap after GC invocations=2680 (full 2528):
 garbage-first heap   total 99328K, used 35367K [0x00000000c0000000, 0x0000000100000000)
  region size 1024K, 0 young (0K), 0 survivors (0K)
 Metaspace       used 59341K, committed 59776K, reserved 1114112K
  class space    used 7405K, committed 7616K, reserved 1048576K
}
Event: 46831.140 GC heap before
{Heap before GC invocations=2680 (full 2528):
 garbage-first heap   total 99328K, used 35367K [0x00000000c0000000, 0x0000000100000000)
  region size 1024K, 1 young (1024K), 0 survivors (0K)
 Metaspace       used 59341K, committed 59776K, reserved 1114112K
  class space    used 7405K, committed 7616K, reserved 1048576K
}
Event: 46831.213 GC heap after
{Heap after GC invocations=2681 (full 2529):
 garbage-first heap   total 99328K, used 35367K [0x00000000c0000000, 0x0000000100000000)
  region size 1024K, 0 young (0K), 0 survivors (0K)
 Metaspace       used 59341K, committed 59776K, reserved 1114112K
  class space    used 7405K, committed 7616K, reserved 1048576K
}
Event: 46842.243 GC heap before
{Heap before GC invocations=2681 (full 2529):
 garbage-first heap   total 99328K, used 35367K [0x00000000c0000000, 0x0000000100000000)
  region size 1024K, 1 young (1024K), 0 survivors (0K)
 Metaspace       used 59341K, committed 59776K, reserved 1114112K
  class space    used 7405K, committed 7616K, reserved 1048576K
}
Event: 46842.300 GC heap after
{Heap after GC invocations=2682 (full 2530):
 garbage-first heap   total 99328K, used 35367K [0x00000000c0000000, 0x0000000100000000)
  region size 1024K, 0 young (0K), 0 survivors (0K)
 Metaspace       used 59341K, committed 59776K, reserved 1114112K
  class space    used 7405K, committed 7616K, reserved 1048576K
}
Event: 46853.307 GC heap before
{Heap before GC invocations=2682 (full 2530):
 garbage-first heap   total 99328K, used 35367K [0x00000000c0000000, 0x0000000100000000)
  region size 1024K, 1 young (1024K), 0 survivors (0K)
 Metaspace       used 59341K, committed 59776K, reserved 1114112K
  class space    used 7405K, committed 7616K, reserved 1048576K
}
Event: 46853.372 GC heap after
{Heap after GC invocations=2683 (full 2531):
 garbage-first heap   total 99328K, used 35367K [0x00000000c0000000, 0x0000000100000000)
  region size 1024K, 0 young (0K), 0 survivors (0K)
 Metaspace       used 59341K, committed 59776K, reserved 1114112K
  class space    used 7405K, committed 7616K, reserved 1048576K
}

Dll operation events (10 events):
Event: 0.059 Loaded shared library c:\Users\Hasinjo\.vscode\extensions\redhat.java-1.26.0-win32-x64\jre\17.0.9-win32-x86_64\bin\java.dll
Event: 2.022 Loaded shared library C:\Users\Hasinjo\.vscode\extensions\redhat.java-1.26.0-win32-x64\jre\17.0.9-win32-x86_64\bin\net.dll
Event: 2.046 Loaded shared library C:\Users\Hasinjo\.vscode\extensions\redhat.java-1.26.0-win32-x64\jre\17.0.9-win32-x86_64\bin\nio.dll
Event: 2.193 Loaded shared library C:\Users\Hasinjo\.vscode\extensions\redhat.java-1.26.0-win32-x64\jre\17.0.9-win32-x86_64\bin\zip.dll
Event: 4.548 Loaded shared library C:\Users\Hasinjo\.vscode\extensions\redhat.java-1.26.0-win32-x64\jre\17.0.9-win32-x86_64\bin\jimage.dll
Event: 28.764 Loaded shared library c:\Users\Hasinjo\.vscode\extensions\redhat.java-1.26.0-win32-x64\jre\17.0.9-win32-x86_64\bin\verify.dll
Event: 31.094 Loaded shared library C:\Users\Hasinjo\.vscode\extensions\redhat.java-1.26.0-win32-x64\jre\17.0.9-win32-x86_64\bin\management.dll
Event: 31.179 Loaded shared library C:\Users\Hasinjo\.vscode\extensions\redhat.java-1.26.0-win32-x64\jre\17.0.9-win32-x86_64\bin\management_ext.dll
Event: 47.596 Loaded shared library C:\Users\Hasinjo\.vscode\extensions\redhat.java-1.26.0-win32-x64\jre\17.0.9-win32-x86_64\bin\sunmscapi.dll
Event: 91.574 Loaded shared library C:\Users\Hasinjo\.vscode\extensions\redhat.java-1.26.0-win32-x64\jre\17.0.9-win32-x86_64\bin\attach.dll

Deoptimization events (20 events):
Event: 2413.117 Thread 0x0000021ea5a45730 DEOPT PACKING pc=0x0000021e999023ab sp=0x000000ea3a6fe5c0
Event: 2413.117 Thread 0x0000021ea5a45730 DEOPT UNPACKING pc=0x0000021e986b7143 sp=0x000000ea3a6fdac0 mode 3
Event: 2673.495 Thread 0x0000021ea5a49900 DEOPT PACKING pc=0x0000021e99620c84 sp=0x000000ea3a7fe390
Event: 2673.495 Thread 0x0000021ea5a49900 DEOPT UNPACKING pc=0x0000021e986b7143 sp=0x000000ea3a7fd808 mode 0
Event: 2673.515 Thread 0x0000021ea5a49900 DEOPT PACKING pc=0x0000021e994b67b6 sp=0x000000ea3a7fdb00
Event: 2673.515 Thread 0x0000021ea5a49900 DEOPT UNPACKING pc=0x0000021e986b7143 sp=0x000000ea3a7fd020 mode 3
Event: 2673.562 Thread 0x0000021ea5a49900 DEOPT PACKING pc=0x0000021e9953f4d0 sp=0x000000ea3a7fe9a0
Event: 2673.562 Thread 0x0000021ea5a49900 DEOPT UNPACKING pc=0x0000021e986b7143 sp=0x000000ea3a7fde70 mode 3
Event: 2673.564 Thread 0x0000021ea5a49900 DEOPT PACKING pc=0x0000021e99913d51 sp=0x000000ea3a7fec20
Event: 2673.564 Thread 0x0000021ea5a49900 DEOPT UNPACKING pc=0x0000021e986b7143 sp=0x000000ea3a7fe108 mode 3
Event: 2747.185 Thread 0x0000021ea5a49900 DEOPT PACKING pc=0x0000021e99a2d318 sp=0x000000ea3a7feab0
Event: 2747.185 Thread 0x0000021ea5a49900 DEOPT UNPACKING pc=0x0000021e986b7143 sp=0x000000ea3a7fdfa8 mode 3
Event: 3223.126 Thread 0x0000021ea5a49900 DEOPT PACKING pc=0x0000021e992bc4bc sp=0x000000ea3a7fdee0
Event: 3223.126 Thread 0x0000021ea5a49900 DEOPT UNPACKING pc=0x0000021e986b7143 sp=0x000000ea3a7fd3c8 mode 0
Event: 3230.129 Thread 0x0000021ea59ae130 DEOPT PACKING pc=0x0000021e99a8d28f sp=0x000000ea3acfcd00
Event: 3230.129 Thread 0x0000021ea59ae130 DEOPT UNPACKING pc=0x0000021e986b7143 sp=0x000000ea3acfc208 mode 3
Event: 25939.000 Thread 0x0000021ea5a47fb0 DEOPT PACKING pc=0x0000021e99adfd8a sp=0x000000ea3b1fe330
Event: 25939.001 Thread 0x0000021ea5a47fb0 DEOPT UNPACKING pc=0x0000021e986b7143 sp=0x000000ea3b1fd7a0 mode 3
Event: 35026.797 Thread 0x0000021ea5a4b760 DEOPT PACKING pc=0x0000021e991c9bac sp=0x000000ea3a7fd750
Event: 35026.800 Thread 0x0000021ea5a4b760 DEOPT UNPACKING pc=0x0000021e986b7143 sp=0x000000ea3a7fccc0 mode 0

Classes unloaded (20 events):
Event: 26000.058 Thread 0x0000021e9ff2c490 Unloading class 0x000000010076e400 'java/lang/invoke/LambdaForm$MH+0x000000010076e400'
Event: 26000.058 Thread 0x0000021e9ff2c490 Unloading class 0x000000010076e000 'java/lang/invoke/LambdaForm$MH+0x000000010076e000'
Event: 26000.058 Thread 0x0000021e9ff2c490 Unloading class 0x0000000100782c00 'java/lang/invoke/LambdaForm$MH+0x0000000100782c00'
Event: 26000.058 Thread 0x0000021e9ff2c490 Unloading class 0x0000000100782800 'java/lang/invoke/LambdaForm$MH+0x0000000100782800'
Event: 26000.058 Thread 0x0000021e9ff2c490 Unloading class 0x000000010008d400 'java/lang/invoke/LambdaForm$MH+0x000000010008d400'
Event: 26000.058 Thread 0x0000021e9ff2c490 Unloading class 0x000000010076d400 'java/lang/invoke/LambdaForm$MH+0x000000010076d400'
Event: 26398.663 Thread 0x0000021e9ff2c490 Unloading class 0x0000000100791c00 'jdk/internal/reflect/GeneratedMethodAccessor31'
Event: 26398.664 Thread 0x0000021e9ff2c490 Unloading class 0x0000000100791800 'jdk/internal/reflect/GeneratedConstructorAccessor61'
Event: 26398.664 Thread 0x0000021e9ff2c490 Unloading class 0x0000000100791400 'jdk/internal/reflect/GeneratedMethodAccessor30'
Event: 26398.664 Thread 0x0000021e9ff2c490 Unloading class 0x0000000100791000 'jdk/internal/reflect/GeneratedConstructorAccessor60'
Event: 26398.664 Thread 0x0000021e9ff2c490 Unloading class 0x0000000100790c00 'jdk/internal/reflect/GeneratedMethodAccessor29'
Event: 26398.664 Thread 0x0000021e9ff2c490 Unloading class 0x0000000100790800 'jdk/internal/reflect/GeneratedMethodAccessor28'
Event: 26398.664 Thread 0x0000021e9ff2c490 Unloading class 0x0000000100790400 'jdk/internal/reflect/GeneratedMethodAccessor27'
Event: 34639.269 Thread 0x0000021e9ff2c490 Unloading class 0x0000000100790c00 'jdk/internal/reflect/GeneratedMethodAccessor36'
Event: 34639.270 Thread 0x0000021e9ff2c490 Unloading class 0x0000000100790800 'jdk/internal/reflect/GeneratedConstructorAccessor63'
Event: 34639.270 Thread 0x0000021e9ff2c490 Unloading class 0x000000010008e800 'jdk/internal/reflect/GeneratedMethodAccessor35'
Event: 34639.270 Thread 0x0000021e9ff2c490 Unloading class 0x000000010076d800 'jdk/internal/reflect/GeneratedConstructorAccessor62'
Event: 34639.270 Thread 0x0000021e9ff2c490 Unloading class 0x000000010076d400 'jdk/internal/reflect/GeneratedMethodAccessor34'
Event: 34639.270 Thread 0x0000021e9ff2c490 Unloading class 0x000000010008d400 'jdk/internal/reflect/GeneratedMethodAccessor33'
Event: 34639.270 Thread 0x0000021e9ff2c490 Unloading class 0x0000000100790400 'jdk/internal/reflect/GeneratedMethodAccessor32'

Classes redefined (0 events):
No events

Internal exceptions (20 events):
Event: 352.893 Thread 0x0000021ea5a49e10 Exception <a 'java/io/IOException'{0x00000000c515feb0}> (0x00000000c515feb0) 
thrown [s\src\hotspot\share\prims\jni.cpp, line 516]
Event: 354.143 Thread 0x0000021ea5a4a830 Exception <a 'java/io/IOException'{0x00000000c5166120}> (0x00000000c5166120) 
thrown [s\src\hotspot\share\prims\jni.cpp, line 516]
Event: 1609.680 Thread 0x0000021ea5a4a830 Implicit null exception at 0x0000021e990b95b5 to 0x0000021e990b9861
Event: 1803.591 Thread 0x0000021ea5a44d10 Implicit null exception at 0x0000021e9922cd62 to 0x0000021e9922d8b1
Event: 1825.858 Thread 0x0000021ea5a4a320 Implicit null exception at 0x0000021e992d2c5a to 0x0000021e992d2e9b
Event: 1827.256 Thread 0x0000021ea5a4a830 Exception <a 'java/lang/NoSuchMethodError'{0x00000000c4ce9648}: 'java.lang.Object java.lang.invoke.DirectMethodHandle$Holder.newInvokeSpecial(java.lang.Object, java.lang.Object, int, java.lang.Object)'> (0x00000000c4ce9648) 
thrown [s\src\hotspot\share\interpreter\linkResolver.cpp, line 759]
Event: 1827.257 Thread 0x0000021ea5a4a830 Exception <a 'java/lang/NoSuchMethodError'{0x00000000c4cecf68}: 'java.lang.Object java.lang.invoke.Invokers$Holder.linkToTargetMethod(java.lang.Object, int, java.lang.Object, java.lang.Object)'> (0x00000000c4cecf68) 
thrown [s\src\hotspot\share\interpreter\linkResolver.cpp, line 759]
Event: 2053.676 Thread 0x0000021ea59ae130 Implicit null exception at 0x0000021e996b1504 to 0x0000021e996b1c0a
Event: 2150.609 Thread 0x0000021ea5a46b70 Implicit null exception at 0x0000021e996c2c04 to 0x0000021e996c3eb6
Event: 2411.328 Thread 0x0000021ea5a45730 Implicit null exception at 0x0000021e998f7238 to 0x0000021e998f850c
Event: 2413.117 Thread 0x0000021ea5a45730 Implicit null exception at 0x0000021e99901ad5 to 0x0000021e999023a6
Event: 2673.515 Thread 0x0000021ea5a49900 Implicit null exception at 0x0000021e994b5fb6 to 0x0000021e994b67b1
Event: 2673.562 Thread 0x0000021ea5a49900 Implicit null exception at 0x0000021e9953f285 to 0x0000021e9953f4cb
Event: 2673.564 Thread 0x0000021ea5a49900 Implicit null exception at 0x0000021e99913b5a to 0x0000021e99913d4c
Event: 2747.185 Thread 0x0000021ea5a49900 Implicit null exception at 0x0000021e99a2cfba to 0x0000021e99a2d313
Event: 3230.129 Thread 0x0000021ea59ae130 Implicit null exception at 0x0000021e99a8cfff to 0x0000021e99a8d28a
Event: 25879.967 Thread 0x0000021ea5a4a320 Implicit null exception at 0x0000021e99083986 to 0x0000021e99083a08
Event: 25879.969 Thread 0x0000021ea5a4a320 Exception <a 'java/lang/NullPointerException'{0x00000000c4294190}> (0x00000000c4294190) 
thrown [s\src\hotspot\share\runtime\sharedRuntime.cpp, line 631]
Event: 25939.000 Thread 0x0000021ea5a47fb0 Implicit null exception at 0x0000021e99adfc10 to 0x0000021e99adfd85
Event: 46664.565 Thread 0x0000021ea573ff70 Exception <a 'java/io/IOException'{0x00000000c6001600}: CreateProcess error=1455, Le fichier de pagination est insuffisant pour terminer cette opération> (0x00000000c6001600) 
thrown [s\src\hotspot\share\prims\jni.cpp, line 535]

VM Operations (20 events):
Event: 46753.548 Executing VM operation: G1CollectFull done
Event: 46764.564 Executing VM operation: G1CollectFull
Event: 46764.629 Executing VM operation: G1CollectFull done
Event: 46775.627 Executing VM operation: G1CollectFull
Event: 46775.689 Executing VM operation: G1CollectFull done
Event: 46786.733 Executing VM operation: G1CollectFull
Event: 46786.806 Executing VM operation: G1CollectFull done
Event: 46797.785 Executing VM operation: G1CollectFull
Event: 46797.863 Executing VM operation: G1CollectFull done
Event: 46808.961 Executing VM operation: G1CollectFull
Event: 46809.032 Executing VM operation: G1CollectFull done
Event: 46820.051 Executing VM operation: G1CollectFull
Event: 46820.123 Executing VM operation: G1CollectFull done
Event: 46831.140 Executing VM operation: G1CollectFull
Event: 46831.213 Executing VM operation: G1CollectFull done
Event: 46842.243 Executing VM operation: G1CollectFull
Event: 46842.300 Executing VM operation: G1CollectFull done
Event: 46853.307 Executing VM operation: G1CollectFull
Event: 46853.373 Executing VM operation: G1CollectFull done
Event: 46863.994 Executing VM operation: G1CollectFull

Events (20 events):
Event: 36039.567 Thread 0x0000021ea5a49900 Thread added: 0x0000021ea5a49900
Event: 36039.580 Thread 0x0000021ea5a46b70 Thread added: 0x0000021ea5a46b70
Event: 36099.656 Thread 0x0000021ea5a49900 Thread exited: 0x0000021ea5a49900
Event: 36099.662 Thread 0x0000021ea5a46b70 Thread exited: 0x0000021ea5a46b70
Event: 41927.196 Thread 0x0000021ea5a4b760 Thread added: 0x0000021ea5a4b760
Event: 41927.237 Thread 0x0000021ea5a45c40 Thread added: 0x0000021ea5a45c40
Event: 41927.581 Thread 0x0000021ea5a44d10 Thread added: 0x0000021ea5a44d10
Event: 41927.849 Thread 0x0000021ea5a47080 Thread added: 0x0000021ea5a47080
Event: 41952.082 Thread 0x0000021ea5a47aa0 Thread added: 0x0000021ea5a47aa0
Event: 41957.207 Thread 0x0000021ea5a47fb0 Thread added: 0x0000021ea5a47fb0
Event: 42012.107 Thread 0x0000021ea5a4b760 Thread exited: 0x0000021ea5a4b760
Event: 42015.901 Thread 0x0000021ea5a47aa0 Thread exited: 0x0000021ea5a47aa0
Event: 42017.401 Thread 0x0000021ea5a47fb0 Thread exited: 0x0000021ea5a47fb0
Event: 42020.150 Thread 0x0000021ea5a45c40 Thread exited: 0x0000021ea5a45c40
Event: 42039.597 Thread 0x0000021ea5a47080 Thread exited: 0x0000021ea5a47080
Event: 42039.599 Thread 0x0000021ea5a44d10 Thread exited: 0x0000021ea5a44d10
Event: 43205.952 Thread 0x0000021ea5a47aa0 Thread added: 0x0000021ea5a47aa0
Event: 43206.146 Thread 0x0000021ea5a47080 Thread added: 0x0000021ea5a47080
Event: 43266.532 Thread 0x0000021ea5a47aa0 Thread exited: 0x0000021ea5a47aa0
Event: 43266.536 Thread 0x0000021ea5a47080 Thread exited: 0x0000021ea5a47080


Dynamic libraries:
0x00007ff66fed0000 - 0x00007ff66fede000 	c:\Users\Hasinjo\.vscode\extensions\redhat.java-1.26.0-win32-x64\jre\17.0.9-win32-x86_64\bin\java.exe
0x00007ffa6cfc0000 - 0x00007ffa6d1c9000 	C:\Windows\SYSTEM32\ntdll.dll
0x00007ffa6bf40000 - 0x00007ffa6bffd000 	C:\Windows\System32\KERNEL32.DLL
0x00007ffa6a6b0000 - 0x00007ffa6aa34000 	C:\Windows\System32\KERNELBASE.dll
0x00007ffa6ab00000 - 0x00007ffa6ac11000 	C:\Windows\System32\ucrtbase.dll
0x00007ff9f6f10000 - 0x00007ff9f6f27000 	c:\Users\Hasinjo\.vscode\extensions\redhat.java-1.26.0-win32-x64\jre\17.0.9-win32-x86_64\bin\jli.dll
0x00007ffa6b660000 - 0x00007ffa6b80d000 	C:\Windows\System32\USER32.dll
0x00007ffa6a4f0000 - 0x00007ffa6a516000 	C:\Windows\System32\win32u.dll
0x00007ffa6c000000 - 0x00007ffa6c02a000 	C:\Windows\System32\GDI32.dll
0x00007ffa6a590000 - 0x00007ffa6a6ae000 	C:\Windows\System32\gdi32full.dll
0x00007ffa6a450000 - 0x00007ffa6a4ed000 	C:\Windows\System32\msvcp_win.dll
0x00007ff9f6f30000 - 0x00007ff9f6f4b000 	c:\Users\Hasinjo\.vscode\extensions\redhat.java-1.26.0-win32-x64\jre\17.0.9-win32-x86_64\bin\VCRUNTIME140.dll
0x00007ffa513a0000 - 0x00007ffa51645000 	C:\Windows\WinSxS\amd64_microsoft.windows.common-controls_6595b64144ccf1df_6.0.22000.120_none_9d947278b86cc467\COMCTL32.dll
0x00007ffa6b510000 - 0x00007ffa6b5b3000 	C:\Windows\System32\msvcrt.dll
0x00007ffa6b5c0000 - 0x00007ffa6b5f1000 	C:\Windows\System32\IMM32.DLL
0x0000000060010000 - 0x000000006001c000 	C:\Program Files (x86)\360\Total Security\safemon\SafeWrapper.dll
0x00007ffa6ae30000 - 0x00007ffa6aede000 	C:\Windows\System32\ADVAPI32.dll
0x00007ffa6b810000 - 0x00007ffa6b8ae000 	C:\Windows\System32\sechost.dll
0x00007ffa6aee0000 - 0x00007ffa6b001000 	C:\Windows\System32\RPCRT4.dll
0x00007ff9f6e40000 - 0x00007ff9f6ed2000 	C:\Program Files (x86)\360\Total Security\safemon\libzdtp64.dll
0x00007ffa6c7a0000 - 0x00007ffa6cf65000 	C:\Windows\System32\SHELL32.dll
0x00007ffa6b600000 - 0x00007ffa6b65d000 	C:\Windows\System32\SHLWAPI.dll
0x00007ffa69d00000 - 0x00007ffa69d0a000 	C:\Windows\SYSTEM32\VERSION.dll
0x00007ffa433e0000 - 0x00007ffa433ec000 	c:\Users\Hasinjo\.vscode\extensions\redhat.java-1.26.0-win32-x64\jre\17.0.9-win32-x86_64\bin\vcruntime140_1.dll
0x00007ff9f6db0000 - 0x00007ff9f6e3d000 	c:\Users\Hasinjo\.vscode\extensions\redhat.java-1.26.0-win32-x64\jre\17.0.9-win32-x86_64\bin\msvcp140.dll
0x00007ff9f6140000 - 0x00007ff9f6da1000 	c:\Users\Hasinjo\.vscode\extensions\redhat.java-1.26.0-win32-x64\jre\17.0.9-win32-x86_64\bin\server\jvm.dll
0x00007ffa6a320000 - 0x00007ffa6a36d000 	C:\Windows\SYSTEM32\POWRPROF.dll
0x00007ffa56590000 - 0x00007ffa56599000 	C:\Windows\SYSTEM32\WSOCK32.dll
0x00007ffa6b8b0000 - 0x00007ffa6b91f000 	C:\Windows\System32\WS2_32.dll
0x00007ffa5d210000 - 0x00007ffa5d243000 	C:\Windows\SYSTEM32\WINMM.dll
0x00007ffa6a300000 - 0x00007ffa6a313000 	C:\Windows\SYSTEM32\UMPDC.dll
0x00007ffa69450000 - 0x00007ffa69468000 	C:\Windows\SYSTEM32\kernel.appcore.dll
0x00007ffa40c10000 - 0x00007ffa40c1a000 	c:\Users\Hasinjo\.vscode\extensions\redhat.java-1.26.0-win32-x64\jre\17.0.9-win32-x86_64\bin\jimage.dll
0x00007ffa56290000 - 0x00007ffa564b1000 	C:\Windows\SYSTEM32\DBGHELP.DLL
0x00007ffa55780000 - 0x00007ffa557b1000 	C:\Windows\SYSTEM32\dbgcore.DLL
0x00007ffa6ac20000 - 0x00007ffa6ac9f000 	C:\Windows\System32\bcryptPrimitives.dll
0x00007ff9f7400000 - 0x00007ff9f7425000 	c:\Users\Hasinjo\.vscode\extensions\redhat.java-1.26.0-win32-x64\jre\17.0.9-win32-x86_64\bin\java.dll
0x00007ff9f6ef0000 - 0x00007ff9f6f08000 	c:\Users\Hasinjo\.vscode\extensions\redhat.java-1.26.0-win32-x64\jre\17.0.9-win32-x86_64\bin\zip.dll
0x00007ffa684b0000 - 0x00007ffa68d12000 	C:\Windows\SYSTEM32\windows.storage.dll
0x00007ffa6b9c0000 - 0x00007ffa6bd36000 	C:\Windows\System32\combase.dll
0x00007ffa68340000 - 0x00007ffa684a7000 	C:\Windows\SYSTEM32\wintypes.dll
0x00007ffa6c470000 - 0x00007ffa6c55a000 	C:\Windows\System32\SHCORE.dll
0x00007ffa6a380000 - 0x00007ffa6a3a5000 	C:\Windows\SYSTEM32\profapi.dll
0x00007ff9f73e0000 - 0x00007ff9f73f9000 	C:\Users\Hasinjo\.vscode\extensions\redhat.java-1.26.0-win32-x64\jre\17.0.9-win32-x86_64\bin\net.dll
0x00007ffa64120000 - 0x00007ffa64234000 	C:\Windows\SYSTEM32\WINHTTP.dll
0x00007ffa69900000 - 0x00007ffa69967000 	C:\Windows\system32\mswsock.dll
0x00007ff9f73c0000 - 0x00007ff9f73d6000 	C:\Users\Hasinjo\.vscode\extensions\redhat.java-1.26.0-win32-x64\jre\17.0.9-win32-x86_64\bin\nio.dll
0x00007ffa69b40000 - 0x00007ffa69b58000 	C:\Windows\SYSTEM32\CRYPTSP.dll
0x00007ffa693b0000 - 0x00007ffa693e5000 	C:\Windows\system32\rsaenh.dll
0x00007ffa699f0000 - 0x00007ffa69a1c000 	C:\Windows\SYSTEM32\USERENV.dll
0x00007ffa69cc0000 - 0x00007ffa69ce7000 	C:\Windows\SYSTEM32\bcrypt.dll
0x00007ffa69b60000 - 0x00007ffa69b6c000 	C:\Windows\SYSTEM32\CRYPTBASE.dll
0x00007ffa68f70000 - 0x00007ffa68f9d000 	C:\Windows\SYSTEM32\IPHLPAPI.DLL
0x00007ffa6b920000 - 0x00007ffa6b929000 	C:\Windows\System32\NSI.dll
0x00007ffa64100000 - 0x00007ffa64119000 	C:\Windows\SYSTEM32\dhcpcsvc6.DLL
0x00007ffa64a90000 - 0x00007ffa64aae000 	C:\Windows\SYSTEM32\dhcpcsvc.DLL
0x00007ffa68fa0000 - 0x00007ffa69087000 	C:\Windows\SYSTEM32\DNSAPI.dll
0x00007ffa2ad30000 - 0x00007ffa2ad40000 	c:\Users\Hasinjo\.vscode\extensions\redhat.java-1.26.0-win32-x64\jre\17.0.9-win32-x86_64\bin\verify.dll
0x00007ffa628e0000 - 0x00007ffa628e9000 	C:\Users\Hasinjo\.vscode\extensions\redhat.java-1.26.0-win32-x64\jre\17.0.9-win32-x86_64\bin\management.dll
0x00007ffa533e0000 - 0x00007ffa533eb000 	C:\Users\Hasinjo\.vscode\extensions\redhat.java-1.26.0-win32-x64\jre\17.0.9-win32-x86_64\bin\management_ext.dll
0x00007ffa6cf70000 - 0x00007ffa6cf78000 	C:\Windows\System32\PSAPI.DLL
0x00007ffa5bec0000 - 0x00007ffa5bece000 	C:\Users\Hasinjo\.vscode\extensions\redhat.java-1.26.0-win32-x64\jre\17.0.9-win32-x86_64\bin\sunmscapi.dll
0x00007ffa6aca0000 - 0x00007ffa6ae02000 	C:\Windows\System32\CRYPT32.dll
0x00007ffa69c90000 - 0x00007ffa69cb8000 	C:\Windows\SYSTEM32\ncrypt.dll
0x00007ffa69c50000 - 0x00007ffa69c87000 	C:\Windows\SYSTEM32\NTASN1.dll
0x00000000602d0000 - 0x00000000602f6000 	C:\Program Files\Bonjour\mdnsNSP.dll
0x00007ffa5bc70000 - 0x00007ffa5bc7a000 	C:\Windows\System32\rasadhlp.dll
0x00007ffa61020000 - 0x00007ffa610a1000 	C:\Windows\System32\fwpuclnt.dll
0x00007ffa48870000 - 0x00007ffa48879000 	C:\Users\Hasinjo\.vscode\extensions\redhat.java-1.26.0-win32-x64\jre\17.0.9-win32-x86_64\bin\attach.dll

dbghelp: loaded successfully - version: 4.0.5 - missing functions: none
symbol engine: initialized successfully - sym options: 0x614 - pdb path: .;c:\Users\Hasinjo\.vscode\extensions\redhat.java-1.26.0-win32-x64\jre\17.0.9-win32-x86_64\bin;C:\Windows\SYSTEM32;C:\Windows\WinSxS\amd64_microsoft.windows.common-controls_6595b64144ccf1df_6.0.22000.120_none_9d947278b86cc467;C:\Program Files (x86)\360\Total Security\safemon;c:\Users\Hasinjo\.vscode\extensions\redhat.java-1.26.0-win32-x64\jre\17.0.9-win32-x86_64\bin\server;C:\Program Files\Bonjour

VM Arguments:
jvm_args: -XX:+HeapDumpOnOutOfMemoryError -Xmx1024m -Dsts.lsp.client=vscode -Dsts.log.file=/dev/null -XX:TieredStopAtLevel=1 -Xlog:jni+resolve=off -Dspring.config.location=file:c:\Users\Hasinjo\.vscode\extensions\vmware.vscode-spring-boot-1.51.0\language-server\BOOT-INF\classes\application.properties 
java_command: org.springframework.ide.vscode.boot.app.BootLanguageServerBootApp
java_class_path (initial): c:\Users\Hasinjo\.vscode\extensions\vmware.vscode-spring-boot-1.51.0\language-server\BOOT-INF\classes;c:\Users\Hasinjo\.vscode\extensions\vmware.vscode-spring-boot-1.51.0\language-server\BOOT-INF\lib\annotations-24.1.0.jar;c:\Users\Hasinjo\.vscode\extensions\vmware.vscode-spring-boot-1.51.0\language-server\BOOT-INF\lib\antlr-runtime-3.5.3.jar;c:\Users\Hasinjo\.vscode\extensions\vmware.vscode-spring-boot-1.51.0\language-server\BOOT-INF\lib\antlr4-4.11.1.jar;c:\Users\Hasinjo\.vscode\extensions\vmware.vscode-spring-boot-1.51.0\language-server\BOOT-INF\lib\antlr4-runtime-4.11.1.jar;c:\Users\Hasinjo\.vscode\extensions\vmware.vscode-spring-boot-1.51.0\language-server\BOOT-INF\lib\asm-9.6.jar;c:\Users\Hasinjo\.vscode\extensions\vmware.vscode-spring-boot-1.51.0\language-server\BOOT-INF\lib\asm-analysis-9.6.jar;c:\Users\Hasinjo\.vscode\extensions\vmware.vscode-spring-boot-1.51.0\language-server\BOOT-INF\lib\asm-tree-9.6.jar;c:\Users\Hasinjo\.vscode\extensions\vmware.vscode-spring-boot-1.51.0\language-server\BOOT-INF\lib\asm-util-9.6.jar;c:\Users\Hasinjo\.vscode\extensions\vmware.vscode-spring-boot-1.51.0\language-server\BOOT-INF\lib\bosh-language-server-1.51.0-SNAPSHOT.jar;c:\Users\Hasinjo\.vscode\extensions\vmware.vscode-spring-boot-1.51.0\language-server\BOOT-INF\lib\caffeine-3.1.8.jar;c:\Users\Hasinjo\.vscode\extensions\vmware.vscode-spring-boot-1.51.0\language-server\BOOT-INF\lib\checker-qual-3.12.0.jar;c:\Users\Hasinjo\.vscode\extensions\vmware.vscode-spring-boot-1.51.0\language-server\BOOT-INF\lib\classgraph-4.8.149.jar;c:\Users\Hasinjo\.vscode\extensions\vmware.vscode-spring-boot-1.51.0\language-server\BOOT-INF\lib\commons-codec-1.15.jar;c:\Users\Hasinjo\.vscode\extensions\vmware.vscode-spring-boot-1.51.0\language-server\BOOT-INF\lib\commons-compress-1.25.0.jar;c:\Users\Hasinjo\.vscode\extensions\vmware.vscode-spring-boot-1.51.0\language-server\BOOT-INF\lib\commons-io-2.4.jar;c:\Users\Hasinjo\.vscode\extensions\vmware.vscode-spring-boot-1.
Launcher Type: SUN_STANDARD

[Global flags]
     intx CICompilerCount                          = 3                                         {product} {ergonomic}
     uint ConcGCThreads                            = 1                                         {product} {ergonomic}
     uint G1ConcRefinementThreads                  = 4                                         {product} {ergonomic}
   size_t G1HeapRegionSize                         = 1048576                                   {product} {ergonomic}
    uintx GCDrainStackTargetSize                   = 64                                        {product} {ergonomic}
     bool HeapDumpOnOutOfMemoryError               = true                                   {manageable} {command line}
   size_t InitialHeapSize                          = 67108864                                  {product} {ergonomic}
   size_t MarkStackSize                            = 4194304                                   {product} {ergonomic}
   size_t MaxHeapSize                              = 1073741824                                {product} {command line}
   size_t MaxNewSize                               = 643825664                                 {product} {ergonomic}
   size_t MinHeapDeltaBytes                        = 1048576                                   {product} {ergonomic}
   size_t MinHeapSize                              = 8388608                                   {product} {ergonomic}
    uintx NonProfiledCodeHeapSize                  = 0                                      {pd product} {ergonomic}
     bool ProfileInterpreter                       = false                                  {pd product} {command line}
    uintx ProfiledCodeHeapSize                     = 0                                      {pd product} {ergonomic}
   size_t SoftMaxHeapSize                          = 1073741824                             {manageable} {ergonomic}
     intx TieredStopAtLevel                        = 1                                         {product} {command line}
     bool UseCompressedClassPointers               = true                           {product lp64_product} {ergonomic}
     bool UseCompressedOops                        = true                           {product lp64_product} {ergonomic}
     bool UseG1GC                                  = true                                      {product} {ergonomic}
     bool UseLargePagesIndividualAllocation        = false                                  {pd product} {ergonomic}

Logging:
Log output configuration:
 #0: stdout all=warning,jni+resolve=off uptime,level,tags
 #1: stderr all=off uptime,level,tags

Environment Variables:
JAVA_HOME=%C:\Program Files\Java\jdk1.8.0_91\bin
PATH=C:\Program Files\Common Files\Oracle\Java\javapath;C:\Windows\system32;C:\Windows;C:\Windows\System32\Wbem;C:\Windows\System32\WindowsPowerShell\v1.0\;C:\Windows\System32\OpenSSH\;C:\Program Files\Java\jdk1.8.0_91\bin;C:\Users\Hasinjo\Desktop\Projet_servlet\TestFramework\WEB-INF\lib\Framework.jar;D:\server\xamp\php;C:\ProgramData\ComposerSetup\bin;C:\Program Files\nodejs\;C:\Program Files\dotnet\;C:\Users\Hasinjo\Desktop\apache-maven-3.8.8\bin;D:\S5\Naina\Test\dist\Test.jar;C:\Program Files\PostgreSQL\15\bin;D:\t\Programs\opencv\build\java\opencv-3416.jar;C:\Users\Hasinjo\AppData\Local\Microsoft\WindowsApps;C:\Users\Hasinjo\AppData\Local\Programs\Microsoft VS Code\bin;C:\Users\Hasinjo\AppData\Local\GitHubDesktop\bin;C:\Users\Hasinjo\AppData\Roaming\Composer\vendor\bin;C:\Users\Hasinjo\AppData\Roaming\npm;C:\Users\Hasinjo\.dotnet\tools;C:\Users\Hasinjo\Desktop\apache-maven-3.8.8\bin;D:\S5\Naina\Test\dist\Test.jar;C:\Program Files\JetBrains\IntelliJ IDEA 2022.2\bin;;C:\Program Files\PostgreSQL\15\bin;D:\t\Programs\opencv\build\java\opencv-3416.jar;C:\Users\Hasinjo\AppData\Local\Programs\mongosh\;C:\Users\Hasinjo\Downloads\mongodb-atlas-cli_1.14.0_windows_x86_64\bin\;C:\ProgramData\Hasinjo\GitHubDesktop\bin
USERNAME=Hasinjo
OS=Windows_NT
PROCESSOR_IDENTIFIER=Intel64 Family 6 Model 78 Stepping 3, GenuineIntel
TMP=C:\Users\Hasinjo\AppData\Local\Temp
TEMP=C:\Users\Hasinjo\AppData\Local\Temp



Periodic native trim disabled


---------------  S Y S T E M  ---------------

OS:
 Windows 11 , 64 bit Build 22000 (10.0.22000.2538)
OS uptime: 0 days 13:03 hours
Hyper-V role detected

CPU: total 4 (initial active 4) (2 cores per cpu, 2 threads per core) family 6 model 78 stepping 3 microcode 0xd6, cx8, cmov, fxsr, ht, mmx, 3dnowpref, sse, sse2, sse3, ssse3, sse4.1, sse4.2, popcnt, lzcnt, tsc, tscinvbit, avx, avx2, aes, erms, clmul, bmi1, bmi2, adx, fma, vzeroupper, clflush, clflushopt, hv
Processor Information for all 4 processors :
  Max Mhz: 2000, Current Mhz: 2000, Mhz Limit: 2000

Memory: 4k page, system-wide physical 4017M (101M free)
TotalPageFile size 13500M (AvailPageFile size 9M)
current process WorkingSet (physical memory assigned to process): 78M, peak: 200M
current process commit charge ("private bytes"): 268M, peak: 280M

vm_info: OpenJDK 64-Bit Server VM (17.0.9+9) for windows-amd64 JRE (17.0.9+9), built on Oct 26 2023 14:01:42 by "admin" with MS VC++ 16.10 / 16.11 (VS2019)

END.
